<?xml version="1.0" encoding="UTF-8"?>
<testsuite xmlns:xsi="http://www.w3.org/2001/XMLSchema-instance" xsi:schemaLocation="https://maven.apache.org/surefire/maven-surefire-plugin/xsd/surefire-test-report.xsd" name="TestSuite" time="110.679" tests="16" errors="0" skipped="12" failures="4">
  <properties>
[...]
</properties>
  <testcase name="beforeClass" classname="orange.hrm.tests.TS_01_Verify_Users_Module" time="47.087">
    <failure message="Could not start a new session. Possible causes are invalid address of the remote server or browser start-up failure.&#10;Build info: version: &apos;2.44.0&apos;, revision: &apos;76d78cf323ce037c5f92db6c1bba601c2ac43ad8&apos;, time: &apos;2014-10-23 13:11:40&apos;&#10;System info: host: &apos;divya&apos;, ip: &apos;192.168.100.43&apos;, os.name: &apos;Windows 10&apos;, os.arch: &apos;amd64&apos;, os.version: &apos;10.0&apos;, java.version: &apos;1.8.0_181&apos;&#10;Driver info: driver.version: ChromeDriver" type="org.openqa.selenium.remote.UnreachableBrowserException">org.openqa.selenium.remote.UnreachableBrowserException: 
Could not start a new session. Possible causes are invalid address of the remote server or browser start-up failure.
Build info: version: '2.44.0', revision: '76d78cf323ce037c5f92db6c1bba601c2ac43ad8', time: '2014-10-23 13:11:40'
System info: host: 'divya', ip: '192.168.100.43', os.name: 'Windows 10', os.arch: 'amd64', os.version: '10.0', java.version: '1.8.0_181'
Driver info: driver.version: ChromeDriver
	at orange.hrm.tests.TS_01_Verify_Users_Module.beforeClass(TS_01_Verify_Users_Module.java:33)
Caused by: org.openqa.selenium.WebDriverException: 
Timed out waiting for driver server to start.
Build info: version: '2.44.0', revision: '76d78cf323ce037c5f92db6c1bba601c2ac43ad8', time: '2014-10-23 13:11:40'
System info: host: 'divya', ip: '192.168.100.43', os.name: 'Windows 10', os.arch: 'amd64', os.version: '10.0', java.version: '1.8.0_181'
Driver info: driver.version: ChromeDriver
	at orange.hrm.tests.TS_01_Verify_Users_Module.beforeClass(TS_01_Verify_Users_Module.java:33)
Caused by: org.openqa.selenium.net.UrlChecker$TimeoutException: Timed out waiting for [http://localhost:४४२७४/status] to be available after २०००२ ms
	at orange.hrm.tests.TS_01_Verify_Users_Module.beforeClass(TS_01_Verify_Users_Module.java:33)
Caused by: com.google.common.util.concurrent.UncheckedTimeoutException: java.util.concurrent.TimeoutException
	at orange.hrm.tests.TS_01_Verify_Users_Module.beforeClass(TS_01_Verify_Users_Module.java:33)
Caused by: java.util.concurrent.TimeoutException
	at orange.hrm.tests.TS_01_Verify_Users_Module.beforeClass(TS_01_Verify_Users_Module.java:33)
</failure>
    <system-out><![CDATA[Launching Chrome Driver.
]]></system-out>
    <system-err><![CDATA[Invalid port. Exiting...
?????? ??, ???? ?:??:?? ??????? org.openqa.selenium.os.UnixProcess checkForError
SEVERE: org.apache.commons.exec.ExecuteException: Process exited with an error: 1 (Exit value: 1)
]]></system-err>
  </testcase>
  <testcase name="beforeMethod" classname="orange.hrm.tests.TS_01_Verify_Users_Module" time="0">
    <skipped/>
  </testcase>
  <testcase name="beforeMethod" classname="orange.hrm.tests.TS_01_Verify_Users_Module" time="0">
    <skipped/>
  </testcase>
  <testcase name="beforeMethod" classname="orange.hrm.tests.TS_01_Verify_Users_Module" time="0">
    <skipped/>
  </testcase>
  <testcase name="TC_01_ValidateaddingUserWithAllFields" classname="orange.hrm.tests.TS_01_Verify_Users_Module" time="0">
    <skipped/>
  </testcase>
  <testcase name="afterMethod" classname="orange.hrm.tests.TS_01_Verify_Users_Module" time="0">
    <skipped/>
  </testcase>
  <testcase name="afterMethod" classname="orange.hrm.tests.TS_01_Verify_Users_Module" time="0">
    <skipped/>
  </testcase>
  <testcase name="afterMethod" classname="orange.hrm.tests.TS_01_Verify_Users_Module" time="0">
    <skipped/>
  </testcase>
  <testcase name="TC_02_ValidateaddingUserWithMandatoryFields" classname="orange.hrm.tests.TS_01_Verify_Users_Module" time="0">
    <skipped/>
  </testcase>
  <testcase name="TC_03_NullValueInEmployeeNameField" classname="orange.hrm.tests.TS_01_Verify_Users_Module" time="0">
    <skipped/>
  </testcase>
  <testcase name="afterClass" classname="orange.hrm.tests.TS_01_Verify_Users_Module" time="20.536">
    <failure message="Could not start a new session. Possible causes are invalid address of the remote server or browser start-up failure.&#10;Build info: version: &apos;2.44.0&apos;, revision: &apos;76d78cf323ce037c5f92db6c1bba601c2ac43ad8&apos;, time: &apos;2014-10-23 13:11:40&apos;&#10;System info: host: &apos;divya&apos;, ip: &apos;192.168.100.43&apos;, os.name: &apos;Windows 10&apos;, os.arch: &apos;amd64&apos;, os.version: &apos;10.0&apos;, java.version: &apos;1.8.0_181&apos;&#10;Driver info: driver.version: ChromeDriver" type="org.openqa.selenium.remote.UnreachableBrowserException">org.openqa.selenium.remote.UnreachableBrowserException: 
Could not start a new session. Possible causes are invalid address of the remote server or browser start-up failure.
Build info: version: '2.44.0', revision: '76d78cf323ce037c5f92db6c1bba601c2ac43ad8', time: '2014-10-23 13:11:40'
System info: host: 'divya', ip: '192.168.100.43', os.name: 'Windows 10', os.arch: 'amd64', os.version: '10.0', java.version: '1.8.0_181'
Driver info: driver.version: ChromeDriver
	at orange.hrm.tests.TS_01_Verify_Users_Module.afterClass(TS_01_Verify_Users_Module.java:43)
Caused by: org.openqa.selenium.WebDriverException: 
Timed out waiting for driver server to start.
Build info: version: '2.44.0', revision: '76d78cf323ce037c5f92db6c1bba601c2ac43ad8', time: '2014-10-23 13:11:40'
System info: host: 'divya', ip: '192.168.100.43', os.name: 'Windows 10', os.arch: 'amd64', os.version: '10.0', java.version: '1.8.0_181'
Driver info: driver.version: ChromeDriver
	at orange.hrm.tests.TS_01_Verify_Users_Module.afterClass(TS_01_Verify_Users_Module.java:43)
Caused by: org.openqa.selenium.net.UrlChecker$TimeoutException: Timed out waiting for [http://localhost:२७५४९/status] to be available after २०००० ms
	at orange.hrm.tests.TS_01_Verify_Users_Module.afterClass(TS_01_Verify_Users_Module.java:43)
Caused by: com.google.common.util.concurrent.UncheckedTimeoutException: java.util.concurrent.TimeoutException
	at orange.hrm.tests.TS_01_Verify_Users_Module.afterClass(TS_01_Verify_Users_Module.java:43)
Caused by: java.util.concurrent.TimeoutException
	at orange.hrm.tests.TS_01_Verify_Users_Module.afterClass(TS_01_Verify_Users_Module.java:43)
</failure>
    <system-out><![CDATA[Launching Chrome Driver.
]]></system-out>
    <system-err><![CDATA[Invalid port. Exiting...
?????? ??, ???? ?:??:?? ??????? org.openqa.selenium.os.UnixProcess checkForError
SEVERE: org.apache.commons.exec.ExecuteException: Process exited with an error: 1 (Exit value: 1)
]]></system-err>
  </testcase>
  <testcase name="beforeClass" classname="orange.hrm.tests.TS_02_Verify_Job_Module" time="41.301">
    <failure message="Could not start a new session. Possible causes are invalid address of the remote server or browser start-up failure.&#10;Build info: version: &apos;2.44.0&apos;, revision: &apos;76d78cf323ce037c5f92db6c1bba601c2ac43ad8&apos;, time: &apos;2014-10-23 13:11:40&apos;&#10;System info: host: &apos;divya&apos;, ip: &apos;192.168.100.43&apos;, os.name: &apos;Windows 10&apos;, os.arch: &apos;amd64&apos;, os.version: &apos;10.0&apos;, java.version: &apos;1.8.0_181&apos;&#10;Driver info: driver.version: ChromeDriver" type="org.openqa.selenium.remote.UnreachableBrowserException">org.openqa.selenium.remote.UnreachableBrowserException: 
Could not start a new session. Possible causes are invalid address of the remote server or browser start-up failure.
Build info: version: '2.44.0', revision: '76d78cf323ce037c5f92db6c1bba601c2ac43ad8', time: '2014-10-23 13:11:40'
System info: host: 'divya', ip: '192.168.100.43', os.name: 'Windows 10', os.arch: 'amd64', os.version: '10.0', java.version: '1.8.0_181'
Driver info: driver.version: ChromeDriver
	at orange.hrm.tests.TS_02_Verify_Job_Module.beforeClass(TS_02_Verify_Job_Module.java:36)
Caused by: org.openqa.selenium.WebDriverException: 
Timed out waiting for driver server to start.
Build info: version: '2.44.0', revision: '76d78cf323ce037c5f92db6c1bba601c2ac43ad8', time: '2014-10-23 13:11:40'
System info: host: 'divya', ip: '192.168.100.43', os.name: 'Windows 10', os.arch: 'amd64', os.version: '10.0', java.version: '1.8.0_181'
Driver info: driver.version: ChromeDriver
	at orange.hrm.tests.TS_02_Verify_Job_Module.beforeClass(TS_02_Verify_Job_Module.java:36)
Caused by: org.openqa.selenium.net.UrlChecker$TimeoutException: Timed out waiting for [http://localhost:५६५४/status] to be available after २०००१ ms
	at orange.hrm.tests.TS_02_Verify_Job_Module.beforeClass(TS_02_Verify_Job_Module.java:36)
Caused by: com.google.common.util.concurrent.UncheckedTimeoutException: java.util.concurrent.TimeoutException
	at orange.hrm.tests.TS_02_Verify_Job_Module.beforeClass(TS_02_Verify_Job_Module.java:36)
Caused by: java.util.concurrent.TimeoutException
	at orange.hrm.tests.TS_02_Verify_Job_Module.beforeClass(TS_02_Verify_Job_Module.java:36)
</failure>
    <system-out><![CDATA[FAILED CONFIGURATION: @BeforeClass beforeClass
org.openqa.selenium.remote.UnreachableBrowserException: Could not start a new session. Possible causes are invalid address of the remote server or browser start-up failure.
Build info: version: '2.44.0', revision: '76d78cf323ce037c5f92db6c1bba601c2ac43ad8', time: '2014-10-23 13:11:40'
System info: host: 'divya', ip: '192.168.100.43', os.name: 'Windows 10', os.arch: 'amd64', os.version: '10.0', java.version: '1.8.0_181'
Driver info: driver.version: ChromeDriver
	at org.openqa.selenium.remote.RemoteWebDriver.execute(RemoteWebDriver.java:593)
	at org.openqa.selenium.remote.RemoteWebDriver.startSession(RemoteWebDriver.java:240)
	at org.openqa.selenium.remote.RemoteWebDriver.<init>(RemoteWebDriver.java:126)
	at org.openqa.selenium.remote.RemoteWebDriver.<init>(RemoteWebDriver.java:139)
	at org.openqa.selenium.chrome.ChromeDriver.<init>(ChromeDriver.java:171)
	at org.openqa.selenium.chrome.ChromeDriver.<init>(ChromeDriver.java:160)
	at org.openqa.selenium.chrome.ChromeDriver.<init>(ChromeDriver.java:149)
	at selenium.framework.common.WebDriverFactory.getChromeDriver(WebDriverFactory.java:134)
	at selenium.framework.common.WebDriverFactory.createInstance(WebDriverFactory.java:53)
	at selenium.framework.common.WebDriverManager$1.initialValue(WebDriverManager.java:14)
	at selenium.framework.common.WebDriverManager$1.initialValue(WebDriverManager.java:11)
	at java.lang.ThreadLocal.setInitialValue(ThreadLocal.java:180)
	at java.lang.ThreadLocal.get(ThreadLocal.java:170)
	at selenium.framework.common.WebDriverManager.getWebDriver(WebDriverManager.java:24)
	at orange.hrm.tests.TS_01_Verify_Users_Module.beforeClass(TS_01_Verify_Users_Module.java:33)
	at sun.reflect.NativeMethodAccessorImpl.invoke0(Native Method)
	at sun.reflect.NativeMethodAccessorImpl.invoke(NativeMethodAccessorImpl.java:62)
	at sun.reflect.DelegatingMethodAccessorImpl.invoke(DelegatingMethodAccessorImpl.java:43)
	at java.lang.reflect.Method.invoke(Method.java:498)
	at org.testng.internal.MethodInvocationHelper.invokeMethod(MethodInvocationHelper.java:80)
	at org.testng.internal.Invoker.invokeConfigurationMethod(Invoker.java:564)
	at org.testng.internal.Invoker.invokeConfigurations(Invoker.java:213)
	at org.testng.internal.Invoker.invokeConfigurations(Invoker.java:138)
	at org.testng.internal.TestMethodWorker.invokeBeforeClassMethods(TestMethodWorker.java:175)
	at org.testng.internal.TestMethodWorker.run(TestMethodWorker.java:107)
	at org.testng.TestRunner.privateRun(TestRunner.java:767)
	at org.testng.TestRunner.run(TestRunner.java:617)
	at org.testng.SuiteRunner.runTest(SuiteRunner.java:334)
	at org.testng.SuiteRunner.runSequentially(SuiteRunner.java:329)
	at org.testng.SuiteRunner.privateRun(SuiteRunner.java:291)
	at org.testng.SuiteRunner.run(SuiteRunner.java:240)
	at org.testng.SuiteRunnerWorker.runSuite(SuiteRunnerWorker.java:52)
	at org.testng.SuiteRunnerWorker.run(SuiteRunnerWorker.java:86)
	at org.testng.TestNG.runSuitesSequentially(TestNG.java:1198)
	at org.testng.TestNG.runSuitesLocally(TestNG.java:1123)
	at org.testng.TestNG.run(TestNG.java:1031)
	at org.apache.maven.surefire.testng.TestNGExecutor.run(TestNGExecutor.java:281)
	at org.apache.maven.surefire.testng.TestNGXmlTestSuite.execute(TestNGXmlTestSuite.java:75)
	at org.apache.maven.surefire.testng.TestNGProvider.invoke(TestNGProvider.java:121)
	at org.apache.maven.surefire.booter.ForkedBooter.invokeProviderInSameClassLoader(ForkedBooter.java:290)
	at org.apache.maven.surefire.booter.ForkedBooter.runSuitesInProcess(ForkedBooter.java:242)
	at org.apache.maven.surefire.booter.ForkedBooter.main(ForkedBooter.java:121)
Caused by: org.openqa.selenium.WebDriverException: Timed out waiting for driver server to start.
Build info: version: '2.44.0', revision: '76d78cf323ce037c5f92db6c1bba601c2ac43ad8', time: '2014-10-23 13:11:40'
System info: host: 'divya', ip: '192.168.100.43', os.name: 'Windows 10', os.arch: 'amd64', os.version: '10.0', java.version: '1.8.0_181'
Driver info: driver.version: ChromeDriver
	at org.openqa.selenium.remote.service.DriverService.start(DriverService.java:166)
	at org.openqa.selenium.remote.service.DriverCommandExecutor.execute(DriverCommandExecutor.java:62)
	at org.openqa.selenium.remote.RemoteWebDriver.execute(RemoteWebDriver.java:572)
	... 41 more
Caused by: org.openqa.selenium.net.UrlChecker$TimeoutException: Timed out waiting for [http://localhost:?????/status] to be available after ????? ms
	at org.openqa.selenium.net.UrlChecker.waitUntilAvailable(UrlChecker.java:104)
	at org.openqa.selenium.remote.service.DriverService.start(DriverService.java:163)
	... 43 more
Caused by: com.google.common.util.concurrent.UncheckedTimeoutException: java.util.concurrent.TimeoutException
	at com.google.common.util.concurrent.SimpleTimeLimiter.callWithTimeout(SimpleTimeLimiter.java:143)
	at org.openqa.selenium.net.UrlChecker.waitUntilAvailable(UrlChecker.java:79)
	... 44 more
Caused by: java.util.concurrent.TimeoutException
	at java.util.concurrent.FutureTask.get(FutureTask.java:205)
	at com.google.common.util.concurrent.SimpleTimeLimiter.callWithTimeout(SimpleTimeLimiter.java:130)
	... 45 more

FAILED CONFIGURATION: @AfterClass afterClass
org.openqa.selenium.remote.UnreachableBrowserException: Could not start a new session. Possible causes are invalid address of the remote server or browser start-up failure.
Build info: version: '2.44.0', revision: '76d78cf323ce037c5f92db6c1bba601c2ac43ad8', time: '2014-10-23 13:11:40'
System info: host: 'divya', ip: '192.168.100.43', os.name: 'Windows 10', os.arch: 'amd64', os.version: '10.0', java.version: '1.8.0_181'
Driver info: driver.version: ChromeDriver
	at org.openqa.selenium.remote.RemoteWebDriver.execute(RemoteWebDriver.java:593)
	at org.openqa.selenium.remote.RemoteWebDriver.startSession(RemoteWebDriver.java:240)
	at org.openqa.selenium.remote.RemoteWebDriver.<init>(RemoteWebDriver.java:126)
	at org.openqa.selenium.remote.RemoteWebDriver.<init>(RemoteWebDriver.java:139)
	at org.openqa.selenium.chrome.ChromeDriver.<init>(ChromeDriver.java:171)
	at org.openqa.selenium.chrome.ChromeDriver.<init>(ChromeDriver.java:160)
	at org.openqa.selenium.chrome.ChromeDriver.<init>(ChromeDriver.java:149)
	at selenium.framework.common.WebDriverFactory.getChromeDriver(WebDriverFactory.java:134)
	at selenium.framework.common.WebDriverFactory.createInstance(WebDriverFactory.java:53)
	at selenium.framework.common.WebDriverManager$1.initialValue(WebDriverManager.java:14)
	at selenium.framework.common.WebDriverManager$1.initialValue(WebDriverManager.java:11)
	at java.lang.ThreadLocal.setInitialValue(ThreadLocal.java:180)
	at java.lang.ThreadLocal.get(ThreadLocal.java:170)
	at selenium.framework.common.WebDriverManager.removeWebDriver(WebDriverManager.java:34)
	at selenium.framework.common.CommonMethods.closeBrowser(CommonMethods.java:67)
	at orange.hrm.tests.TS_01_Verify_Users_Module.afterClass(TS_01_Verify_Users_Module.java:43)
	at sun.reflect.NativeMethodAccessorImpl.invoke0(Native Method)
	at sun.reflect.NativeMethodAccessorImpl.invoke(NativeMethodAccessorImpl.java:62)
	at sun.reflect.DelegatingMethodAccessorImpl.invoke(DelegatingMethodAccessorImpl.java:43)
	at java.lang.reflect.Method.invoke(Method.java:498)
	at org.testng.internal.MethodInvocationHelper.invokeMethod(MethodInvocationHelper.java:80)
	at org.testng.internal.Invoker.invokeConfigurationMethod(Invoker.java:564)
	at org.testng.internal.Invoker.invokeConfigurations(Invoker.java:213)
	at org.testng.internal.Invoker.invokeConfigurations(Invoker.java:138)
	at org.testng.internal.TestMethodWorker.invokeAfterClassMethods(TestMethodWorker.java:225)
	at org.testng.internal.TestMethodWorker.run(TestMethodWorker.java:114)
	at org.testng.TestRunner.privateRun(TestRunner.java:767)
	at org.testng.TestRunner.run(TestRunner.java:617)
	at org.testng.SuiteRunner.runTest(SuiteRunner.java:334)
	at org.testng.SuiteRunner.runSequentially(SuiteRunner.java:329)
	at org.testng.SuiteRunner.privateRun(SuiteRunner.java:291)
	at org.testng.SuiteRunner.run(SuiteRunner.java:240)
	at org.testng.SuiteRunnerWorker.runSuite(SuiteRunnerWorker.java:52)
	at org.testng.SuiteRunnerWorker.run(SuiteRunnerWorker.java:86)
	at org.testng.TestNG.runSuitesSequentially(TestNG.java:1198)
	at org.testng.TestNG.runSuitesLocally(TestNG.java:1123)
	at org.testng.TestNG.run(TestNG.java:1031)
	at org.apache.maven.surefire.testng.TestNGExecutor.run(TestNGExecutor.java:281)
	at org.apache.maven.surefire.testng.TestNGXmlTestSuite.execute(TestNGXmlTestSuite.java:75)
	at org.apache.maven.surefire.testng.TestNGProvider.invoke(TestNGProvider.java:121)
	at org.apache.maven.surefire.booter.ForkedBooter.invokeProviderInSameClassLoader(ForkedBooter.java:290)
	at org.apache.maven.surefire.booter.ForkedBooter.runSuitesInProcess(ForkedBooter.java:242)
	at org.apache.maven.surefire.booter.ForkedBooter.main(ForkedBooter.java:121)
Caused by: org.openqa.selenium.WebDriverException: Timed out waiting for driver server to start.
Build info: version: '2.44.0', revision: '76d78cf323ce037c5f92db6c1bba601c2ac43ad8', time: '2014-10-23 13:11:40'
System info: host: 'divya', ip: '192.168.100.43', os.name: 'Windows 10', os.arch: 'amd64', os.version: '10.0', java.version: '1.8.0_181'
Driver info: driver.version: ChromeDriver
	at org.openqa.selenium.remote.service.DriverService.start(DriverService.java:166)
	at org.openqa.selenium.remote.service.DriverCommandExecutor.execute(DriverCommandExecutor.java:62)
	at org.openqa.selenium.remote.RemoteWebDriver.execute(RemoteWebDriver.java:572)
	... 42 more
Caused by: org.openqa.selenium.net.UrlChecker$TimeoutException: Timed out waiting for [http://localhost:?????/status] to be available after ????? ms
	at org.openqa.selenium.net.UrlChecker.waitUntilAvailable(UrlChecker.java:104)
	at org.openqa.selenium.remote.service.DriverService.start(DriverService.java:163)
	... 44 more
Caused by: com.google.common.util.concurrent.UncheckedTimeoutException: java.util.concurrent.TimeoutException
	at com.google.common.util.concurrent.SimpleTimeLimiter.callWithTimeout(SimpleTimeLimiter.java:143)
	at org.openqa.selenium.net.UrlChecker.waitUntilAvailable(UrlChecker.java:79)
	... 45 more
Caused by: java.util.concurrent.TimeoutException
	at java.util.concurrent.FutureTask.get(FutureTask.java:205)
	at com.google.common.util.concurrent.SimpleTimeLimiter.callWithTimeout(SimpleTimeLimiter.java:130)
	... 46 more

SKIPPED CONFIGURATION: @BeforeMethod beforeMethod
SKIPPED CONFIGURATION: @AfterMethod afterMethod
SKIPPED CONFIGURATION: @BeforeMethod beforeMethod
SKIPPED CONFIGURATION: @AfterMethod afterMethod
SKIPPED CONFIGURATION: @BeforeMethod beforeMethod
SKIPPED CONFIGURATION: @AfterMethod afterMethod
SKIPPED: TC_01_ValidateaddingUserWithAllFields
         This testcase is related to Add User with all fields
SKIPPED: TC_02_ValidateaddingUserWithMandatoryFields
         This testcase is related to Add User with mandatory fields
SKIPPED: TC_03_NullValueInEmployeeNameField
         This testcase is related to validate null value in Employee name field

===============================================
    TS_01_Verify_Users_Module
    Tests run: 3, Failures: 0, Skips: 3
    Configuration Failures: 2, Skips: 6
===============================================

Launching Chrome Driver.
]]></system-out>
    <system-err><![CDATA[Invalid port. Exiting...
?????? ??, ???? ?:??:?? ??????? org.openqa.selenium.os.UnixProcess checkForError
SEVERE: org.apache.commons.exec.ExecuteException: Process exited with an error: 1 (Exit value: 1)
]]></system-err>
  </testcase>
  <testcase name="beforeMethod" classname="orange.hrm.tests.TS_02_Verify_Job_Module" time="0">
    <skipped/>
  </testcase>
  <testcase name="TC_01_ValidateaddingJobWithAllFields" classname="orange.hrm.tests.TS_02_Verify_Job_Module" time="0">
    <skipped/>
  </testcase>
  <testcase name="afterMethod" classname="orange.hrm.tests.TS_02_Verify_Job_Module" time="0">
    <skipped/>
  </testcase>
  <testcase name="afterClass" classname="orange.hrm.tests.TS_02_Verify_Job_Module" time="20.546">
    <failure message="Could not start a new session. Possible causes are invalid address of the remote server or browser start-up failure.&#10;Build info: version: &apos;2.44.0&apos;, revision: &apos;76d78cf323ce037c5f92db6c1bba601c2ac43ad8&apos;, time: &apos;2014-10-23 13:11:40&apos;&#10;System info: host: &apos;divya&apos;, ip: &apos;192.168.100.43&apos;, os.name: &apos;Windows 10&apos;, os.arch: &apos;amd64&apos;, os.version: &apos;10.0&apos;, java.version: &apos;1.8.0_181&apos;&#10;Driver info: driver.version: ChromeDriver" type="org.openqa.selenium.remote.UnreachableBrowserException">org.openqa.selenium.remote.UnreachableBrowserException: 
Could not start a new session. Possible causes are invalid address of the remote server or browser start-up failure.
Build info: version: '2.44.0', revision: '76d78cf323ce037c5f92db6c1bba601c2ac43ad8', time: '2014-10-23 13:11:40'
System info: host: 'divya', ip: '192.168.100.43', os.name: 'Windows 10', os.arch: 'amd64', os.version: '10.0', java.version: '1.8.0_181'
Driver info: driver.version: ChromeDriver
	at orange.hrm.tests.TS_02_Verify_Job_Module.afterClass(TS_02_Verify_Job_Module.java:46)
Caused by: org.openqa.selenium.WebDriverException: 
Timed out waiting for driver server to start.
Build info: version: '2.44.0', revision: '76d78cf323ce037c5f92db6c1bba601c2ac43ad8', time: '2014-10-23 13:11:40'
System info: host: 'divya', ip: '192.168.100.43', os.name: 'Windows 10', os.arch: 'amd64', os.version: '10.0', java.version: '1.8.0_181'
Driver info: driver.version: ChromeDriver
	at orange.hrm.tests.TS_02_Verify_Job_Module.afterClass(TS_02_Verify_Job_Module.java:46)
Caused by: org.openqa.selenium.net.UrlChecker$TimeoutException: Timed out waiting for [http://localhost:६०८६२/status] to be available after २०००० ms
	at orange.hrm.tests.TS_02_Verify_Job_Module.afterClass(TS_02_Verify_Job_Module.java:46)
Caused by: com.google.common.util.concurrent.UncheckedTimeoutException: java.util.concurrent.TimeoutException
	at orange.hrm.tests.TS_02_Verify_Job_Module.afterClass(TS_02_Verify_Job_Module.java:46)
Caused by: java.util.concurrent.TimeoutException
	at orange.hrm.tests.TS_02_Verify_Job_Module.afterClass(TS_02_Verify_Job_Module.java:46)
</failure>
    <system-out><![CDATA[Launching Chrome Driver.
]]></system-out>
    <system-err><![CDATA[Invalid port. Exiting...
?????? ??, ???? ?:??:?? ??????? org.openqa.selenium.os.UnixProcess checkForError
SEVERE: org.apache.commons.exec.ExecuteException: Process exited with an error: 1 (Exit value: 1)
]]></system-err>
  </testcase>
</testsuite>