<?xml version="1.0" encoding="UTF-8"?>
<!-- Generated by org.testng.reporters.JUnitXMLReporter -->
<testsuite hostname="anusha" ignored="0" name="TS_01_Verify_Users_Module" tests="3" failures="0" timestamp="19 Aug 2018 16:20:17 GMT" time="47.962" errors="0">
  <testcase name="TC_01_ValidateaddingUserWithAllFields" time="6.314" classname="orange.hrm.tests.TS_01_Verify_Users_Module"/>
  <testcase name="TC_02_ValidateaddingUserWithMandatoryFields" time="21.107" classname="orange.hrm.tests.TS_01_Verify_Users_Module"/>
  <testcase name="TC_03_NullValueInEmployeeNameField" time="0.958" classname="orange.hrm.tests.TS_01_Verify_Users_Module"/>
</testsuite> <!-- TS_01_Verify_Users_Module -->
