<?xml version="1.0" encoding="UTF-8"?>
<!-- Generated by org.testng.reporters.JUnitXMLReporter -->
<testsuite hostname="anusha" ignored="0" name="Default test" tests="3" failures="0" timestamp="19 Aug 2018 02:39:29 GMT" time="54.76" errors="0">
  <testcase name="TC_01_ValidateaddingUserWithAllFields" time="5.563" classname="orange.hrm.tests.TS_01_Verify_Users_Module"/>
  <testcase name="TC_02_ValidateaddingUserWithMandatoryFields" time="30.254" classname="orange.hrm.tests.TS_01_Verify_Users_Module"/>
  <testcase name="TC_03_NullValueInEmployeeNameField" time="1.025" classname="orange.hrm.tests.TS_01_Verify_Users_Module"/>
</testsuite> <!-- Default test -->
